<?xml version="1.0" encoding="UTF-8"?>
<!-- Generated by org.testng.reporters.JUnitXMLReporter -->
<testsuite hostname="DESKTOP-280B4F5" ignored="0" name="Test" tests="3" failures="3" timestamp="01 Oct 2020 11:09:18 GMT" time="80.808" errors="0">
  <testcase name="ValidLoginLogout" time="12.853" classname="Com_ActiTime_Test.ValidLoginLogoutTest">
    <failure type="java.lang.AssertionError" message="null">
      <![CDATA[java.lang.AssertionError: null
at Com_ActiTime_Generic.BasePage.verifyTitle(BasePage.java:29)
at Com_ActiTime_Test.ValidLoginLogoutTest.ValidLoginLogout(ValidLoginLogoutTest.java:30)
... Removed 26 stack frames]]>
    </failure>
  </testcase> <!-- ValidLoginLogout -->
  <testcase name="InvalidLogin" time="21.216" classname="Com_ActiTime_Test.InvalidLoginTest">
    <failure type="java.lang.AssertionError" message="null">
      <![CDATA[java.lang.AssertionError: null
at Com_ActiTime_Generic.BasePage.verifyElement(BasePage.java:43)
at Com_ActiTime_Pages.actiTIMELoginPage.verifyErrorMessage(actiTIMELoginPage.java:52)
at Com_ActiTime_Test.InvalidLoginTest.InvalidLogin(InvalidLoginTest.java:30)
... Removed 26 stack frames]]>
    </failure>
  </testcase> <!-- InvalidLogin -->
  <testcase name="Verifyversion" time="0.493" classname="Com_ActiTime_Test.VerifyversionTest">
    <failure type="java.lang.AssertionError" message="The following asserts failed:
	expected [actiTIME 2020 ] but found [actiTIME 2020 Online]">
      <![CDATA[java.lang.AssertionError: The following asserts failed:
expected [actiTIME 2020 ] but found [actiTIME 2020 Online]
at Com_ActiTime_Test.VerifyversionTest.Verifyversion(VerifyversionTest.java:26)
... Removed 25 stack frames]]>
    </failure>
  </testcase> <!-- Verifyversion -->
</testsuite> <!-- Test -->
